[2015-05-11 12:06:43] requirements_debian_update_system
requirements_debian_update_system () 
{ 
    __rvm_try_sudo apt-get --quiet --yes update || { 
        \typeset __ret=$?;
        case ${__ret} in 
            100)
                rvm_error "There has been error while updating 'apt-get', please give it some time and try again later.
404 errors should be fixed for rvm to proceed. Check your sources configured in:
    /etc/apt/sources.list
    /etc/apt/sources.list.d/*.list
"
            ;;
        esac;
        return ${__ret}
    }
}
current path: /home/jokeverschuren
PATH=/usr/local/sbin:/usr/local/bin:/usr/sbin:/usr/bin:/sbin:/bin:/home/jokeverschuren/.rvm/bin
command(2): requirements_debian_update_system ruby-2.2.0
++ __rvm_try_sudo apt-get --quiet --yes update
++ typeset -a command_to_run
++ typeset sudo_path sbin_path missing_paths
++ command_to_run=("$@")
++ ((  UID == 0  ))
++ case "$rvm_autolibs_flag_number" in
++ is_a_function __rvm_sudo
++ typeset -f __rvm_sudo
++ missing_paths=
++ for sbin_path in /sbin /usr/sbin /usr/local/sbin
++ [[ -d /sbin ]]
++ [[ :/usr/local/sbin:/usr/local/bin:/usr/sbin:/usr/bin:/sbin:/bin:/home/jokeverschuren/.rvm/bin: != *\:\/\s\b\i\n\:* ]]
++ for sbin_path in /sbin /usr/sbin /usr/local/sbin
++ [[ -d /usr/sbin ]]
++ [[ :/usr/local/sbin:/usr/local/bin:/usr/sbin:/usr/bin:/sbin:/bin:/home/jokeverschuren/.rvm/bin: != *\:\/\u\s\r\/\s\b\i\n\:* ]]
++ for sbin_path in /sbin /usr/sbin /usr/local/sbin
++ [[ -d /usr/local/sbin ]]
++ [[ :/usr/local/sbin:/usr/local/bin:/usr/sbin:/usr/bin:/sbin:/bin:/home/jokeverschuren/.rvm/bin: != *\:\/\u\s\r\/\l\o\c\a\l\/\s\b\i\n\:* ]]
++ [[ -n '' ]]
++ command_to_run=(__rvm_sudo -p "%p password required for '$*': " "${command_to_run[@]}")
++ __rvm_sudo -p '%p password required for '\''apt-get --quiet --yes update'\'': ' apt-get --quiet --yes update
++ command sudo -p '%p password required for '\''apt-get --quiet --yes update'\'': ' apt-get --quiet --yes update
++ sudo -p '%p password required for '\''apt-get --quiet --yes update'\'': ' apt-get --quiet --yes update
Ign http://eu-west-1.ec2.archive.ubuntu.com trusty InRelease
Ign http://eu-west-1.ec2.archive.ubuntu.com trusty-updates InRelease
Get:1 http://eu-west-1.ec2.archive.ubuntu.com trusty Release.gpg [933 B]
Get:2 http://eu-west-1.ec2.archive.ubuntu.com trusty-updates Release.gpg [933 B]
Get:3 http://eu-west-1.ec2.archive.ubuntu.com trusty Release [58.5 kB]
Ign http://security.ubuntu.com trusty-security InRelease
Get:4 http://eu-west-1.ec2.archive.ubuntu.com trusty-updates Release [63.5 kB]
Get:5 http://eu-west-1.ec2.archive.ubuntu.com trusty/main Sources [1064 kB]
Get:6 http://security.ubuntu.com trusty-security Release.gpg [933 B]
Get:7 http://security.ubuntu.com trusty-security Release [63.5 kB]
Get:8 http://eu-west-1.ec2.archive.ubuntu.com trusty/universe Sources [6399 kB]
Get:9 http://security.ubuntu.com trusty-security/main Sources [80.3 kB]
Get:10 http://eu-west-1.ec2.archive.ubuntu.com trusty/main amd64 Packages [1350 kB]
Get:11 http://security.ubuntu.com trusty-security/universe Sources [21.9 kB]
Get:12 http://eu-west-1.ec2.archive.ubuntu.com trusty/universe amd64 Packages [5859 kB]
Get:13 http://security.ubuntu.com trusty-security/main amd64 Packages [267 kB]
Get:14 http://eu-west-1.ec2.archive.ubuntu.com trusty/main Translation-en [762 kB]
Get:15 http://eu-west-1.ec2.archive.ubuntu.com trusty/universe Translation-en [4089 kB]
Get:16 http://security.ubuntu.com trusty-security/universe amd64 Packages [101 kB]
Get:17 http://security.ubuntu.com trusty-security/main Translation-en [136 kB]
Get:18 http://eu-west-1.ec2.archive.ubuntu.com trusty-updates/main Sources [198 kB]
Get:19 http://eu-west-1.ec2.archive.ubuntu.com trusty-updates/universe Sources [114 kB]
Get:20 http://eu-west-1.ec2.archive.ubuntu.com trusty-updates/main amd64 Packages [513 kB]
Get:21 http://eu-west-1.ec2.archive.ubuntu.com trusty-updates/universe amd64 Packages [276 kB]
Get:22 http://eu-west-1.ec2.archive.ubuntu.com trusty-updates/main Translation-en [244 kB]
Get:23 http://eu-west-1.ec2.archive.ubuntu.com trusty-updates/universe Translation-en [143 kB]
Get:24 http://security.ubuntu.com trusty-security/universe Translation-en [56.8 kB]
Fetched 21.9 MB in 11s (1898 kB/s)
Reading package lists...
