[2015-05-11 12:07:44] alias_create_execute
alias_create_execute () 
{ 
    for _path in "$rvm_rubies_path" "$rvm_environments_path" "$rvm_wrappers_path";
    do
        if [[ -L "$_path/$alias_name" ]]; then
            \command \rm -fv "$_path/$alias_name" || return $?;
        fi;
        \command \ln -fs "$_path/$rvm_ruby_string" "$_path/$alias_name" || return $?;
    done;
    __rvm_db_ "$rvm_path/config/alias" "$alias_name" "$rvm_ruby_string"
}
current path: /home/jokeverschuren
GEM_HOME=/home/jokeverschuren/.rvm/gems/ruby-2.2.0
PATH=/home/jokeverschuren/.rvm/gems/ruby-2.2.0/bin:/home/jokeverschuren/.rvm/gems/ruby-2.2.0@global/bin:/home/jokeverschuren/.rvm/rubies/ruby-2.2.0/bin:/home/jokeverschuren/.rvm/bin:/usr/local/sbin:/usr/local/bin:/usr/sbin:/usr/bin:/sbin:/bin
GEM_PATH=/home/jokeverschuren/.rvm/gems/ruby-2.2.0:/home/jokeverschuren/.rvm/gems/ruby-2.2.0@global
command(1): alias_create_execute
+ for _path in '"$rvm_rubies_path"' '"$rvm_environments_path"' '"$rvm_wrappers_path"'
+ [[ -L /home/jokeverschuren/.rvm/rubies/default ]]
+ command ln -fs /home/jokeverschuren/.rvm/rubies/ruby-2.2.0 /home/jokeverschuren/.rvm/rubies/default
+ ln -fs /home/jokeverschuren/.rvm/rubies/ruby-2.2.0 /home/jokeverschuren/.rvm/rubies/default
+ for _path in '"$rvm_rubies_path"' '"$rvm_environments_path"' '"$rvm_wrappers_path"'
+ [[ -L /home/jokeverschuren/.rvm/environments/default ]]
+ command ln -fs /home/jokeverschuren/.rvm/environments/ruby-2.2.0 /home/jokeverschuren/.rvm/environments/default
+ ln -fs /home/jokeverschuren/.rvm/environments/ruby-2.2.0 /home/jokeverschuren/.rvm/environments/default
+ for _path in '"$rvm_rubies_path"' '"$rvm_environments_path"' '"$rvm_wrappers_path"'
+ [[ -L /home/jokeverschuren/.rvm/wrappers/default ]]
+ command ln -fs /home/jokeverschuren/.rvm/wrappers/ruby-2.2.0 /home/jokeverschuren/.rvm/wrappers/default
+ ln -fs /home/jokeverschuren/.rvm/wrappers/ruby-2.2.0 /home/jokeverschuren/.rvm/wrappers/default
+ __rvm_db_ /home/jokeverschuren/.rvm/config/alias default ruby-2.2.0
+ typeset __db __key __value
+ __db=/home/jokeverschuren/.rvm/config/alias
+ __key=default
+ shift 2
+ __value=ruby-2.2.0
+ case "${__value}" in
+ __rvm_db_add /home/jokeverschuren/.rvm/config/alias default ruby-2.2.0
+ typeset __dir=/home/jokeverschuren/.rvm/config
+ [[ -f /home/jokeverschuren/.rvm/config/alias ]]
+ __rvm_db_remove /home/jokeverschuren/.rvm/config/alias default
+ [[ -f /home/jokeverschuren/.rvm/config/alias ]]
+ __rvm_sed -e '\#^default=# d' -e '/^$/d' /home/jokeverschuren/.rvm/config/alias
+ sed -e '\#^default=# d' -e '/^$/d' /home/jokeverschuren/.rvm/config/alias
+ command mv -f /home/jokeverschuren/.rvm/config/alias.new /home/jokeverschuren/.rvm/config/alias
+ mv -f /home/jokeverschuren/.rvm/config/alias.new /home/jokeverschuren/.rvm/config/alias
+ printf '%b=%b\n' default ruby-2.2.0
